<?xml version="1.0" encoding="UTF-8"?>
<testng-results skipped="0" failed="0" ignored="0" total="1" passed="1">
  <reporter-output>
  </reporter-output>
  <suite name="Default suite" duration-ms="16604" started-at="2019-03-05T07:48:33Z" finished-at="2019-03-05T07:48:49Z">
    <groups>
    </groups>
    <test name="Default test" duration-ms="16604" started-at="2019-03-05T07:48:33Z" finished-at="2019-03-05T07:48:49Z">
      <class name="com.frame.testCases.TC_LoginTest_001">
        <test-method status="PASS" signature="setUp()[pri:0, instance:com.frame.testCases.TC_LoginTest_001@f6c48ac]" name="setUp" is-config="true" duration-ms="5786" started-at="2019-03-05T07:48:33Z" finished-at="2019-03-05T07:48:38Z">
          <reporter-output>
          </reporter-output>
        </test-method> <!-- setUp -->
        <test-method status="PASS" signature="loginTest()[pri:0, instance:com.frame.testCases.TC_LoginTest_001@f6c48ac]" name="loginTest" duration-ms="9453" started-at="2019-03-05T07:48:38Z" finished-at="2019-03-05T07:48:48Z">
          <reporter-output>
          </reporter-output>
        </test-method> <!-- loginTest -->
        <test-method status="PASS" signature="tearDown()[pri:0, instance:com.frame.testCases.TC_LoginTest_001@f6c48ac]" name="tearDown" is-config="true" duration-ms="1342" started-at="2019-03-05T07:48:48Z" finished-at="2019-03-05T07:48:49Z">
          <reporter-output>
          </reporter-output>
        </test-method> <!-- tearDown -->
      </class> <!-- com.frame.testCases.TC_LoginTest_001 -->
    </test> <!-- Default test -->
  </suite> <!-- Default suite -->
</testng-results>
